🗒️ Iniciando cierre oficial Stage 5C...
📌 Registro de logs: ./cierre_stage5c_final_2026-03-10_154012.log
⚠️ Hold ya existe: card_auth:46b5de90-8c27-4afa-9ead-7d0a858d5de5
📌 Balance con hold activo...
{
  "ok": true,
  "accountId": "09e81c15-2b3c-48e4-846a-4a56c0d7983a",
  "currency": "USD",
  "currentBalance": 500000,
  "heldBalance": 1500,
  "availableBalance": 498500
}
⚠️ Hold ya liberado: card_auth:46b5de90-8c27-4afa-9ead-7d0a858d5de5
📌 Balance final tras liberación...
{
  "ok": true,
  "accountId": "09e81c15-2b3c-48e4-846a-4a56c0d7983a",
  "currency": "USD",
  "currentBalance": 500000,
  "heldBalance": 1500,
  "availableBalance": 498500
}
💾 Realizando backups de auditoría...
🔹 Exportando ledger_holds -> ./backups_stage5c_final/ledger_holds_stage5c_2026-03-10_154012.sql
pg_dump: error: connection to server on socket "/var/run/postgresql/.s.PGSQL.5432" failed: No such file or directory
	Is the server running locally and accepting connections on that socket?
